<?xml version="1.0" encoding="UTF-8"?>
<testsuites name="MySuite" time="12" tests="1" failures="0" errors="0">
   <testsuite name="MySuite" tests="1" failures="0" errors="0" time="12" timestamp="2018-10-01 15:24:20" hostname="Dell - 10.64.1.251" id="Test Suites/MySuite">
      <properties>
         <property name="deviceName" value=""/>
         <property name="devicePlatform" value=""/>
         <property name="logFolder" value="C:\\Work\\Projects\\Kraft\\Kraft_Sample\\Reports\\MySuite\\20181001_152418"/>
         <property name="logFiles" value="C:\\Work\\Projects\\Kraft\\Kraft_Sample\\Reports\\MySuite\\20181001_152418\\execution0.log"/>
         <property name="attachments" value=""/>
         <property name="hostName" value="Dell - 10.64.1.251"/>
         <property name="os" value="Windows 10 64bit"/>
         <property name="katalonVersion" value="5.7.1.1"/>
         <property name="browser" value="Chrome 69.0.3497.100"/>
         <property name="hostAddress" value="10.64.1.251"/>
         <property name="sessionId" value="85abdc100cbbed408ce8234068cc90a6"/>
         <property name="seleniumVersion" value="3.7.1"/>
         <property name="proxyInformation" value="ProxyInformation{proxyOption=NO_PROXY, proxyServerType=HTTP, password=, proxyServerAddress=, proxyServerPort=0}"/>
         <property name="platform" value="Windows 10"/>
      </properties>
      <testcase name="Test Cases/TestCases/TestCase1" classname="Test Cases/TestCases/TestCase1" status="PASSED">
         <system-out><![CDATA[2018-10-01 15:24:21 - [TEST_CASE][PASSED] - Test Cases/TestCases/TestCase1: Test Cases/TestCases/TestCase1

2018-10-01 15:24:21 - [TEST_STEP][PASSED] - callTestCase: Call Test Case 'Test Cases/Component/OpenAppURL' successfully

2018-10-01 15:24:21 - [TEST_CASE][PASSED] - Test Cases/Component/OpenAppURL: Test Cases/Component/OpenAppURL

2018-10-01 15:24:21 - [TEST_STEP][PASSED] - openBrowser: Browser is opened with url: ''

2018-10-01 15:24:25 - [MESSAGE][PASSED] - Browser is opened with url: ''

2018-10-01 15:24:25 - [TEST_STEP][PASSED] - com.kraft.compass.common.RobotX.RoboKeyPress: com.kraft.compass.common.RobotX.RoboKeyPress is PASSED

2018-10-01 15:24:26 - [MESSAGE][PASSED] - com.kraft.compass.common.RobotX.RoboKeyPress is PASSED

2018-10-01 15:24:26 - [TEST_STEP][PASSED] - com.kraft.compass.common.RobotX.RoboKeyPress: com.kraft.compass.common.RobotX.RoboKeyPress is PASSED

2018-10-01 15:24:27 - [MESSAGE][PASSED] - com.kraft.compass.common.RobotX.RoboKeyPress is PASSED

2018-10-01 15:24:27 - [TEST_STEP][PASSED] - com.kraft.compass.common.RobotX.RoboKeyPress: com.kraft.compass.common.RobotX.RoboKeyPress is PASSED

2018-10-01 15:24:28 - [MESSAGE][PASSED] - com.kraft.compass.common.RobotX.RoboKeyPress is PASSED

2018-10-01 15:24:28 - [MESSAGE][PASSED] - Call Test Case 'Test Cases/Component/OpenAppURL' successfully

2018-10-01 15:24:28 - [TEST_STEP][PASSED] - callTestCase: Call Test Case 'Test Cases/Component/Login' successfully

2018-10-01 15:24:28 - [TEST_CASE][PASSED] - Test Cases/Component/Login: Test Cases/Component/Login

2018-10-01 15:24:28 - [TEST_STEP][PASSED] - com.kraft.compass.common.RobotX.RoboKeyPress: com.kraft.compass.common.RobotX.RoboKeyPress is PASSED

2018-10-01 15:24:29 - [MESSAGE][PASSED] - com.kraft.compass.common.RobotX.RoboKeyPress is PASSED

2018-10-01 15:24:29 - [TEST_STEP][PASSED] - com.kraft.compass.common.RobotX.RoboKeyPress: com.kraft.compass.common.RobotX.RoboKeyPress is PASSED

2018-10-01 15:24:30 - [MESSAGE][PASSED] - com.kraft.compass.common.RobotX.RoboKeyPress is PASSED

2018-10-01 15:24:30 - [TEST_STEP][PASSED] - com.kraft.compass.common.RobotX.RoboKeyPress: com.kraft.compass.common.RobotX.RoboKeyPress is PASSED

2018-10-01 15:24:31 - [MESSAGE][PASSED] - com.kraft.compass.common.RobotX.RoboKeyPress is PASSED

2018-10-01 15:24:31 - [TEST_STEP][PASSED] - com.kraft.compass.common.RobotX.RoboKeyPress: com.kraft.compass.common.RobotX.RoboKeyPress is PASSED

2018-10-01 15:24:32 - [MESSAGE][PASSED] - com.kraft.compass.common.RobotX.RoboKeyPress is PASSED

2018-10-01 15:24:32 - [MESSAGE][PASSED] - Call Test Case 'Test Cases/Component/Login' successfully]]></system-out>
         <system-err><![CDATA[]]></system-err>
      </testcase>
      <system-out><![CDATA[2018-10-01 15:24:20 - [TEST_SUITE][PASSED] - MySuite: Test Cases/TestCases/TestCase1]]></system-out>
      <system-err><![CDATA[]]></system-err>
   </testsuite>
</testsuites>
