<?xml version="1.0" encoding="UTF-8"?>
<testsuites name="MySuite" time="81" tests="3" failures="0" errors="0">
   <testsuite name="MySuite" tests="3" failures="0" errors="0" time="81" timestamp="2018-10-17 13:18:40" hostname="DELL - 10.64.0.19" id="Test Suites/MySuite">
      <properties>
         <property name="deviceName" value=""/>
         <property name="devicePlatform" value=""/>
         <property name="logFolder" value="C:\\Users\\DELL\\Katalon Studio\\kr_kat\\Reports\\MySuite\\20181017_131838"/>
         <property name="logFiles" value="C:\\Users\\DELL\\Katalon Studio\\kr_kat\\Reports\\MySuite\\20181017_131838\\execution0.log"/>
         <property name="attachments" value=""/>
         <property name="hostName" value="DELL - 10.64.0.19"/>
         <property name="os" value="Windows 10 64bit"/>
         <property name="katalonVersion" value="5.7.1.1"/>
         <property name="browser" value="Chrome 69.0.3497.100"/>
         <property name="hostAddress" value="10.64.0.19"/>
         <property name="sessionId" value="7de992cfceefd5a80beb179d26d1545f"/>
         <property name="seleniumVersion" value="3.7.1"/>
         <property name="proxyInformation" value="ProxyInformation{proxyOption=NO_PROXY, proxyServerType=HTTP, password=, proxyServerAddress=, proxyServerPort=0}"/>
         <property name="platform" value="Windows 10"/>
      </properties>
      <testcase name="Test Cases/PageObjects/Common/OpenAppURL" classname="Test Cases/PageObjects/Common/OpenAppURL" status="PASSED">
         <system-out><![CDATA[2018-10-17 13:18:40 - [TEST_CASE][PASSED] - Test Cases/PageObjects/Common/OpenAppURL: Test Cases/PageObjects/Common/OpenAppURL

2018-10-17 13:18:41 - [TEST_STEP][PASSED] - openBrowser: Browser is opened with url: ''

2018-10-17 13:18:45 - [MESSAGE][PASSED] - Browser is opened with url: ''

2018-10-17 13:18:45 - [TEST_STEP][PASSED] - common.RobotX.RoboKeyPressSpecial: common.RobotX.RoboKeyPressSpecial is PASSED

2018-10-17 13:18:45 - [MESSAGE][PASSED] - common.RobotX.RoboKeyPressSpecial is PASSED

2018-10-17 13:18:45 - [TEST_STEP][PASSED] - common.RobotX.RoboKeyPress: common.RobotX.RoboKeyPress is PASSED

2018-10-17 13:18:49 - [MESSAGE][PASSED] - common.RobotX.RoboKeyPress is PASSED

2018-10-17 13:18:49 - [TEST_STEP][PASSED] - common.RobotX.RoboKeyPressSpecial: common.RobotX.RoboKeyPressSpecial is PASSED

2018-10-17 13:18:49 - [MESSAGE][PASSED] - common.RobotX.RoboKeyPressSpecial is PASSED]]></system-out>
         <system-err><![CDATA[]]></system-err>
      </testcase>
      <testcase name="Test Cases/TestCases/Login" classname="Test Cases/TestCases/Login" status="PASSED">
         <system-out><![CDATA[2018-10-17 13:18:49 - [TEST_CASE][PASSED] - Test Cases/TestCases/Login: Test Cases/TestCases/Login

2018-10-17 13:18:49 - [TEST_STEP][PASSED] - callTestCase: Call Test Case 'Test Cases/PageObjects/Login/LoginCompass' successfully

2018-10-17 13:18:49 - [TEST_CASE][PASSED] - Test Cases/PageObjects/Login/LoginCompass: Test Cases/PageObjects/Login/LoginCompass

2018-10-17 13:18:50 - [TEST_STEP][PASSED] - Statement - td = com.kms.katalon.core.testdata.TestDataFactory.findTestData(TestData/Login): Reading excel file with source file 'C:\Users\DELL\Katalon Studio\kr_kat\Data Files\TestData\TestDataFile.xlsx' and sheet name 'LOGIN'

2018-10-17 13:18:51 - [TEST_STEP][PASSED] - Statement - Iterator = CustomKeywords.framework.Framework.GetTestDataMap(td, DID.toString()): framework.Framework.GetTestDataMap is PASSED

2018-10-17 13:18:51 - [MESSAGE][PASSED] - framework.Framework.GetTestDataMap is PASSED

2018-10-17 13:18:51 - [TEST_STEP][PASSED] - Statement - For (def Iteration : Iterator): null

2018-10-17 13:18:51 - [TEST_STEP][PASSED] - Statement - RunTest(Iteration.getValue()): null

2018-10-17 13:18:51 - [TEST_STEP][PASSED] - common.General.sleep: common.General.sleep is PASSED

2018-10-17 13:19:01 - [MESSAGE][PASSED] - common.General.sleep is PASSED

2018-10-17 13:19:01 - [TEST_STEP][PASSED] - common.RobotX.RoboKeyPress: common.RobotX.RoboKeyPress is PASSED

2018-10-17 13:19:03 - [MESSAGE][PASSED] - common.RobotX.RoboKeyPress is PASSED

2018-10-17 13:19:03 - [TEST_STEP][PASSED] - common.RobotX.RoboKeyPressSpecial: common.RobotX.RoboKeyPressSpecial is PASSED

2018-10-17 13:19:03 - [MESSAGE][PASSED] - common.RobotX.RoboKeyPressSpecial is PASSED

2018-10-17 13:19:03 - [TEST_STEP][PASSED] - common.RobotX.RoboKeyPress: common.RobotX.RoboKeyPress is PASSED

2018-10-17 13:19:04 - [MESSAGE][PASSED] - common.RobotX.RoboKeyPress is PASSED

2018-10-17 13:19:04 - [TEST_STEP][PASSED] - common.RobotX.RoboKeyPressSpecial: common.RobotX.RoboKeyPressSpecial is PASSED

2018-10-17 13:19:04 - [MESSAGE][PASSED] - common.RobotX.RoboKeyPressSpecial is PASSED

2018-10-17 13:19:04 - [TEST_STEP][PASSED] - common.General.sleep: common.General.sleep is PASSED

2018-10-17 13:19:44 - [MESSAGE][PASSED] - common.General.sleep is PASSED

2018-10-17 13:19:44 - [MESSAGE][PASSED] - Call Test Case 'Test Cases/PageObjects/Login/LoginCompass' successfully]]></system-out>
         <system-err><![CDATA[]]></system-err>
      </testcase>
      <testcase name="Test Cases/TestCases/Smoke_Test_1" classname="Test Cases/TestCases/Smoke_Test_1" status="PASSED">
         <system-out><![CDATA[2018-10-17 13:19:44 - [TEST_CASE][PASSED] - Test Cases/TestCases/Smoke_Test_1: Test Cases/TestCases/Smoke_Test_1

2018-10-17 13:19:44 - [TEST_STEP][PASSED] - callTestCase: Call Test Case 'Test Cases/PageObjects/Dashboard/Dashboard_Header' successfully

2018-10-17 13:19:44 - [TEST_CASE][PASSED] - Test Cases/PageObjects/Dashboard/Dashboard_Header: Test Cases/PageObjects/Dashboard/Dashboard_Header

2018-10-17 13:19:45 - [TEST_STEP][PASSED] - Statement - td = com.kms.katalon.core.testdata.TestDataFactory.findTestData(TestData/Dashboard): Reading excel file with source file 'C:\Users\DELL\Katalon Studio\kr_kat\Data Files\TestData\TestDataFile.xlsx' and sheet name 'DASHBRD'

2018-10-17 13:19:45 - [TEST_STEP][PASSED] - Statement - Iterator = CustomKeywords.framework.Framework.GetTestDataMap(td, DID.toString()): framework.Framework.GetTestDataMap is PASSED

2018-10-17 13:19:45 - [MESSAGE][PASSED] - framework.Framework.GetTestDataMap is PASSED

2018-10-17 13:19:45 - [TEST_STEP][PASSED] - Statement - For (def Iteration : Iterator): null

2018-10-17 13:19:45 - [TEST_STEP][PASSED] - Statement - RunTest(Iteration.getValue()): null

2018-10-17 13:19:45 - [TEST_STEP][PASSED] - common.General.selectListBox: common.General.selectListBox is PASSED

2018-10-17 13:19:50 - [MESSAGE][PASSED] - Delayed 5 second(s)

2018-10-17 13:19:50 - [MESSAGE][PASSED] - Object 'Object Repository/Compass/Dashboard/ddb_plan_year' is clickable

2018-10-17 13:19:50 - [MESSAGE][PASSED] - Object: 'Object Repository/Compass/Dashboard/ddb_plan_year' is clicked on

2018-10-17 13:19:50 - [MESSAGE][PASSED] - Object '' is clickable

2018-10-17 13:19:50 - [MESSAGE][PASSED] - Object: '' is clicked on

2018-10-17 13:19:50 - [MESSAGE][PASSED] - common.General.selectListBox is PASSED

2018-10-17 13:19:50 - [TEST_STEP][PASSED] - common.General.selectListBox: common.General.selectListBox is PASSED

2018-10-17 13:19:55 - [MESSAGE][PASSED] - Delayed 5 second(s)

2018-10-17 13:19:56 - [MESSAGE][PASSED] - Object 'Object Repository/Compass/Dashboard/ddb_customer_plan' is clickable

2018-10-17 13:19:56 - [MESSAGE][PASSED] - Object: 'Object Repository/Compass/Dashboard/ddb_customer_plan' is clicked on

2018-10-17 13:19:56 - [MESSAGE][PASSED] - Object '' is clickable

2018-10-17 13:19:56 - [MESSAGE][PASSED] - Object: '' is clicked on

2018-10-17 13:19:56 - [MESSAGE][PASSED] - common.General.selectListBox is PASSED

2018-10-17 13:19:56 - [TEST_STEP][PASSED] - common.General.selectListBox: common.General.selectListBox is PASSED

2018-10-17 13:20:01 - [MESSAGE][PASSED] - Delayed 5 second(s)

2018-10-17 13:20:01 - [MESSAGE][PASSED] - Object 'Object Repository/Compass/Dashboard/ddb_category' is clickable

2018-10-17 13:20:01 - [MESSAGE][PASSED] - Object: 'Object Repository/Compass/Dashboard/ddb_category' is clicked on

2018-10-17 13:20:01 - [MESSAGE][PASSED] - Object '' is clickable

2018-10-17 13:20:01 - [MESSAGE][PASSED] - Object: '' is clicked on

2018-10-17 13:20:01 - [MESSAGE][PASSED] - common.General.selectListBox is PASSED

2018-10-17 13:20:01 - [MESSAGE][PASSED] - Call Test Case 'Test Cases/PageObjects/Dashboard/Dashboard_Header' successfully]]></system-out>
         <system-err><![CDATA[]]></system-err>
      </testcase>
      <system-out><![CDATA[2018-10-17 13:18:40 - [TEST_SUITE][PASSED] - MySuite: Test Cases/TestCases/Smoke_Test_1]]></system-out>
      <system-err><![CDATA[]]></system-err>
   </testsuite>
</testsuites>
