<?xml version="1.0" encoding="UTF-8"?>
<testsuites name="MySuite" time="11" tests="1" failures="0" errors="0">
   <testsuite name="MySuite" tests="1" failures="0" errors="0" time="11" timestamp="2018-10-17 13:10:01" hostname="DELL - 10.64.0.19" id="Test Suites/MySuite">
      <properties>
         <property name="deviceName" value=""/>
         <property name="devicePlatform" value=""/>
         <property name="logFolder" value="C:\\Users\\DELL\\Katalon Studio\\kr_kat\\Reports\\MySuite\\20181017_130959"/>
         <property name="logFiles" value="C:\\Users\\DELL\\Katalon Studio\\kr_kat\\Reports\\MySuite\\20181017_130959\\execution0.log"/>
         <property name="attachments" value=""/>
         <property name="hostName" value="DELL - 10.64.0.19"/>
         <property name="os" value="Windows 10 64bit"/>
         <property name="katalonVersion" value="5.7.1.1"/>
         <property name="browser" value="Chrome 69.0.3497.100"/>
         <property name="hostAddress" value="10.64.0.19"/>
         <property name="sessionId" value="71f92b4822c509e7ffbf0715e8fe0545"/>
         <property name="seleniumVersion" value="3.7.1"/>
         <property name="proxyInformation" value="ProxyInformation{proxyOption=NO_PROXY, proxyServerType=HTTP, password=, proxyServerAddress=, proxyServerPort=0}"/>
         <property name="platform" value="Windows 10"/>
      </properties>
      <testcase name="Test Cases/TestCases/Smoke_Test_1" classname="Test Cases/TestCases/Smoke_Test_1" status="PASSED">
         <system-out><![CDATA[2018-10-17 13:10:02 - [TEST_CASE][PASSED] - Test Cases/TestCases/Smoke_Test_1: Test Cases/TestCases/Smoke_Test_1

2018-10-17 13:10:03 - [TEST_STEP][PASSED] - callTestCase: Call Test Case 'Test Cases/PageObjects/Dashboard/Dashboard_Header' successfully

2018-10-17 13:10:03 - [TEST_CASE][PASSED] - Test Cases/PageObjects/Dashboard/Dashboard_Header: Test Cases/PageObjects/Dashboard/Dashboard_Header

2018-10-17 13:10:03 - [TEST_STEP][PASSED] - Statement - td = com.kms.katalon.core.testdata.TestDataFactory.findTestData(TestData/Dashboard): Reading excel file with source file 'C:\Users\DELL\Katalon Studio\kr_kat\Data Files\TestData\TestDataFile.xlsx' and sheet name 'DASHBRD'

2018-10-17 13:10:05 - [TEST_STEP][PASSED] - Statement - Iterator = CustomKeywords.framework.Framework.GetTestDataMap(td, DID.toString()): framework.Framework.GetTestDataMap is PASSED

2018-10-17 13:10:05 - [MESSAGE][PASSED] - framework.Framework.GetTestDataMap is PASSED

2018-10-17 13:10:05 - [TEST_STEP][PASSED] - Statement - For (def Iteration : Iterator): null

2018-10-17 13:10:05 - [TEST_STEP][PASSED] - Statement - RunTest(Iteration.getValue()): null

2018-10-17 13:10:05 - [TEST_STEP][PASSED] - common.General.selectListBox: common.General.selectListBox is PASSED

2018-10-17 13:10:10 - [MESSAGE][PASSED] - Delayed 5 second(s)

2018-10-17 13:10:13 - [MESSAGE][PASSED] - Object 'Object Repository/Compass/Dashboard/ddb_plan_year' is clickable

2018-10-17 13:10:13 - [MESSAGE][PASSED] - Object: 'Object Repository/Compass/Dashboard/ddb_plan_year' is clicked on

2018-10-17 13:10:13 - [MESSAGE][PASSED] - Object '' is clickable

2018-10-17 13:10:13 - [MESSAGE][PASSED] - Object: '' is clicked on

2018-10-17 13:10:13 - [MESSAGE][PASSED] - common.General.selectListBox is PASSED

2018-10-17 13:10:13 - [MESSAGE][PASSED] - Call Test Case 'Test Cases/PageObjects/Dashboard/Dashboard_Header' successfully]]></system-out>
         <system-err><![CDATA[]]></system-err>
      </testcase>
      <system-out><![CDATA[2018-10-17 13:10:01 - [TEST_SUITE][PASSED] - MySuite: Test Cases/TestCases/Smoke_Test_1]]></system-out>
      <system-err><![CDATA[]]></system-err>
   </testsuite>
</testsuites>
